<?xml version="1.0" encoding="UTF-8"?>
<!-- Generated by org.testng.reporters.JUnitReportReporter -->
<testsuite hostname="Nitish-Pal" failures="0" tests="6" name="test.ModalDialogsTest" time="5.260" errors="0" timestamp="2024-12-06T21:18:00 IST" skipped="0">
  <testcase classname="test.ModalDialogsTest" name="clickAtClose" time="0.418"/>
  <system-out/>
  <testcase classname="test.ModalDialogsTest" name="clickAtPractice" time="1.894"/>
  <system-out/>
  <testcase classname="test.ModalDialogsTest" name="clickAtAlertFrameWindow" time="0.179"/>
  <system-out/>
  <testcase classname="test.ModalDialogsTest" name="clickAtModalDialogs" time="0.847"/>
  <system-out/>
  <testcase classname="test.ModalDialogsTest" name="clickAtOnSmallModal" time="0.991"/>
  <system-out/>
  <testcase classname="test.ModalDialogsTest" name="clickAtLargeModal" time="0.931"/>
  <system-out/>
</testsuite> <!-- test.ModalDialogsTest -->
