<?xml version="1.0" encoding="UTF-8"?>
<!-- Generated by org.testng.reporters.JUnitReportReporter -->
<testsuite hostname="Nitish-Pal" failures="0" tests="6" name="test.Upload_DownloadTest" time="7.937" errors="0" timestamp="2025-05-21T14:29:21 IST" skipped="0">
  <testcase classname="test.Upload_DownloadTest" name="clickAtClose" time="0.889"/>
  <system-out/>
  <testcase classname="test.Upload_DownloadTest" name="clickAtPractice" time="4.203"/>
  <system-out/>
  <testcase classname="test.Upload_DownloadTest" name="clickAtElements" time="0.520"/>
  <system-out/>
  <testcase classname="test.Upload_DownloadTest" name="clickAtUploads" time="0.373"/>
  <system-out/>
  <testcase classname="test.Upload_DownloadTest" name="clickAtChose" time="0.399"/>
  <system-out/>
  <testcase classname="test.Upload_DownloadTest" name="uploadDoc" time="1.553"/>
  <system-out/>
</testsuite> <!-- test.Upload_DownloadTest -->
