<?xml version="1.0" encoding="UTF-8"?>
<!-- Generated by org.testng.reporters.JUnitReportReporter -->
<testsuite hostname="Nitish-Pal" failures="0" tests="7" name="test.RadioButtonsTest" time="5.703" errors="0" timestamp="2025-05-21T14:29:21 IST" skipped="0">
  <testcase classname="test.RadioButtonsTest" name="clickonclose" time="0.456"/>
  <system-out/>
  <testcase classname="test.RadioButtonsTest" name="clickonpractice" time="2.633"/>
  <system-out/>
  <testcase classname="test.RadioButtonsTest" name="clickonelements" time="0.510"/>
  <system-out/>
  <testcase classname="test.RadioButtonsTest" name="clickonradiobuttons" time="0.572"/>
  <system-out/>
  <testcase classname="test.RadioButtonsTest" name="clickonyesbuttons" time="0.548"/>
  <system-out/>
  <testcase classname="test.RadioButtonsTest" name="clickonimpressivebuttons" time="0.470"/>
  <system-out/>
  <testcase classname="test.RadioButtonsTest" name="clickonnobuttons" time="0.514"/>
  <system-out/>
</testsuite> <!-- test.RadioButtonsTest -->
