<?xml version="1.0" encoding="UTF-8"?>
<!-- Generated by org.testng.reporters.JUnitReportReporter -->
<testsuite hostname="Nitish-Pal" failures="0" tests="24" name="test.Links_Test" time="19.966" errors="0" timestamp="2025-05-21T14:29:21 IST" skipped="0">
  <testcase classname="test.Links_Test" name="clickAtClose" time="0.537"/>
  <system-out/>
  <testcase classname="test.Links_Test" name="clickAtClose" time="0.503"/>
  <system-out/>
  <testcase classname="test.Links_Test" name="clickAtPractice" time="4.891"/>
  <system-out/>
  <testcase classname="test.Links_Test" name="clickAtPractice" time="2.375"/>
  <system-out/>
  <testcase classname="test.Links_Test" name="clickAtElements" time="0.459"/>
  <system-out/>
  <testcase classname="test.Links_Test" name="clickAtElements" time="0.502"/>
  <system-out/>
  <testcase classname="test.Links_Test" name="clickAtLinks" time="0.902"/>
  <system-out/>
  <testcase classname="test.Links_Test" name="clickAtLinks" time="0.481"/>
  <system-out/>
  <testcase classname="test.Links_Test" name="clickAtDemoPage" time="0.404"/>
  <system-out/>
  <testcase classname="test.Links_Test" name="clickAtDemoPage" time="0.528"/>
  <system-out/>
  <testcase classname="test.Links_Test" name="clickNextClose" time="1.181"/>
  <system-out/>
  <testcase classname="test.Links_Test" name="clickNextClose" time="1.049"/>
  <system-out/>
  <testcase classname="test.Links_Test" name="backToPreviousWindow" time="0.641"/>
  <system-out/>
  <testcase classname="test.Links_Test" name="backToPreviousWindow" time="0.316"/>
  <system-out/>
  <testcase classname="test.Links_Test" name="clickAtCreated" time="0.499"/>
  <system-out/>
  <testcase classname="test.Links_Test" name="clickAtCreated" time="0.378"/>
  <system-out/>
  <testcase classname="test.Links_Test" name="clickAtNoContant" time="0.446"/>
  <system-out/>
  <testcase classname="test.Links_Test" name="clickAtNoContant" time="0.751"/>
  <system-out/>
  <testcase classname="test.Links_Test" name="clickAtMoved" time="0.365"/>
  <system-out/>
  <testcase classname="test.Links_Test" name="clickAtMoved" time="0.703"/>
  <system-out/>
  <testcase classname="test.Links_Test" name="clickAtRequest" time="0.475"/>
  <system-out/>
  <testcase classname="test.Links_Test" name="clickAtRequest" time="0.377"/>
  <system-out/>
  <testcase classname="test.Links_Test" name="clickAtUnauthorized" time="0.745"/>
  <system-out/>
  <testcase classname="test.Links_Test" name="clickAtUnauthorized" time="0.458"/>
  <system-out/>
</testsuite> <!-- test.Links_Test -->
