<?xml version="1.0" encoding="UTF-8"?>
<!-- Generated by org.testng.reporters.JUnitReportReporter -->
<testsuite hostname="Nitish-Pal" failures="0" tests="3" name="test.LoginTest" time="1.656" errors="0" timestamp="2025-05-21T14:29:21 IST" skipped="0">
  <testcase classname="test.LoginTest" name="getUrl" time="0.458"/>
  <system-out/>
  <testcase classname="test.LoginTest" name="clickonclose" time="0.558"/>
  <system-out/>
  <testcase classname="test.LoginTest" name="gettitle" time="0.640"/>
  <system-out/>
</testsuite> <!-- test.LoginTest -->
