<?xml version="1.0" encoding="UTF-8"?>
<!-- Generated by org.testng.reporters.JUnitReportReporter -->
<testsuite hostname="Nitish-Pal" failures="0" tests="8" name="test.Alerts_Test" time="13.816" errors="0" timestamp="2024-12-12T13:22:17 IST" skipped="0">
  <testcase classname="test.Alerts_Test" name="cllickAtClose" time="2.194"/>
  <system-out/>
  <testcase classname="test.Alerts_Test" name="cllickAtPractice" time="2.902"/>
  <system-out/>
  <testcase classname="test.Alerts_Test" name="cllickAtAlertsFrameWindow" time="0.648"/>
  <system-out/>
  <testcase classname="test.Alerts_Test" name="cllicAtalerts" time="0.509"/>
  <system-out/>
  <testcase classname="test.Alerts_Test" name="cllickAtMyAlerts" time="0.540"/>
  <system-out/>
  <testcase classname="test.Alerts_Test" name="cllickAt5SecAlerts" time="5.783"/>
  <system-out/>
  <testcase classname="test.Alerts_Test" name="cllickAtMyConfirmAlert" time="0.648"/>
  <system-out/>
  <testcase classname="test.Alerts_Test" name="cllickAtMyPrompt" time="0.592"/>
  <system-out/>
</testsuite> <!-- test.Alerts_Test -->
