<?xml version="1.0" encoding="UTF-8"?>
<!-- Generated by org.testng.reporters.JUnitReportReporter -->
<testsuite hostname="Nitish-Pal" failures="0" tests="8" name="test.ButtonsTest" time="7.443" errors="0" timestamp="2025-05-21T14:29:21 IST" skipped="0">
  <testcase classname="test.ButtonsTest" name="clickonClose" time="0.818"/>
  <system-out/>
  <testcase classname="test.ButtonsTest" name="clickonPractice" time="3.376"/>
  <system-out/>
  <testcase classname="test.ButtonsTest" name="clickonElement" time="0.400"/>
  <system-out/>
  <testcase classname="test.ButtonsTest" name="clickonbuttons" time="0.400"/>
  <system-out/>
  <testcase classname="test.ButtonsTest" name="clickonDoubleclick" time="0.577"/>
  <system-out/>
  <testcase classname="test.ButtonsTest" name="clickonRightclick" time="0.496"/>
  <system-out/>
  <testcase classname="test.ButtonsTest" name="clickonClickme" time="0.496"/>
  <system-out/>
  <testcase classname="test.ButtonsTest" name="buttonsvalidate" time="0.880"/>
  <system-out/>
</testsuite> <!-- test.ButtonsTest -->
