<?xml version="1.0" encoding="UTF-8"?>
<!-- Generated by org.testng.reporters.JUnitReportReporter -->
<testsuite hostname="Nitish-Pal" failures="0" tests="7" name="test.CheckBoxTest" time="5.493" errors="0" timestamp="2025-05-21T14:29:21 IST" skipped="0">
  <testcase classname="test.CheckBoxTest" name="clickonclose" time="0.356"/>
  <system-out/>
  <testcase classname="test.CheckBoxTest" name="cliconpractice" time="2.078"/>
  <system-out/>
  <testcase classname="test.CheckBoxTest" name="clickonelements" time="0.353"/>
  <system-out/>
  <testcase classname="test.CheckBoxTest" name="clickoncheckbox" time="0.626"/>
  <system-out/>
  <testcase classname="test.CheckBoxTest" name="clickonmobile" time="0.842"/>
  <system-out/>
  <testcase classname="test.CheckBoxTest" name="clickonlaptop" time="0.591"/>
  <system-out/>
  <testcase classname="test.CheckBoxTest" name="clickondesktop" time="0.647"/>
  <system-out/>
</testsuite> <!-- test.CheckBoxTest -->
