<?xml version="1.0" encoding="UTF-8"?>
<!-- Generated by org.testng.reporters.JUnitReportReporter -->
<testsuite hostname="Nitish-Pal" failures="0" tests="7" name="test.TextBoxTest" time="9.614" errors="0" timestamp="2025-05-21T14:29:21 IST" skipped="0">
  <testcase classname="test.TextBoxTest" name="clickonclose" time="0.446"/>
  <system-out/>
  <testcase classname="test.TextBoxTest" name="clickonpractice" time="2.649"/>
  <system-out/>
  <testcase classname="test.TextBoxTest" name="clickonelements" time="0.471"/>
  <system-out/>
  <testcase classname="test.TextBoxTest" name="clickontextbox" time="0.470"/>
  <system-out/>
  <testcase classname="test.TextBoxTest" name="filldetails" time="4.214"/>
  <system-out/>
  <testcase classname="test.TextBoxTest" name="clickonsubmit" time="0.412"/>
  <system-out/>
  <testcase classname="test.TextBoxTest" name="validate" time="0.952"/>
  <system-out/>
</testsuite> <!-- test.TextBoxTest -->
